
 System System                                                                  
User ID User Name                                                               
------- ------------                                                            
      2 DBA                                                                     
      3 DBA                                                                     
      4 DBA                                                                     
      5 DBA                                                                     

4 rows selected.


4 rows updated.


PL/SQL procedure successfully completed.


 System System                                                                  
User ID User Name                                                               
------- ------------                                                            
      2 DBA 1                                                                   
      3 DBA 2                                                                   
      4 DBA 3                                                                   
      5 DBA 4                                                                   

4 rows selected.


PL/SQL procedure successfully completed.


Package created.


Package body created.


1 row created.


1 row created.


1 row created.


Commit complete.


 System System       First         Last                                         
User ID User Name    Name       MI Name                                         
------- ------------ ---------- -- ----------                                   
      6 BONDSB       Barry      L  Bonds                                        
      7 OWENSR       Wardell    S  Curry                                        
     -1 ANONYMOUS    <Null>     <N <Null>                                       
                                ul                                              
                                l>                                              
                                                                                

3 rows selected.


PL/SQL procedure successfully completed.


PL/SQL procedure successfully completed.


PL/SQL procedure successfully completed.


                         ACCOUNT                                                
Full Name                NUMBER     Address                Telephone            
------------------------ ---------- ---------------------- --------------       
Charlie Brown            SLC-000011 Lehi, Utah             (207) 877-4321       
Peppermint Patty         SLC-000011 Lehi, Utah             (207) 877-4321       
Sally Brown              SLC-000011 Lehi, Utah             (207) 877-4321       

3 rows selected.

BEGIN
*
ERROR at line 1:
ORA-04043: object CONTACT_PACKAGE does not exist
ORA-06512: at line 6 



Package created.


Package body created.

1                                                                               
1                                                                               
1                                                                               

PL/SQL procedure successfully completed.


                    System Account                                              
Full Name          User ID Number       Address          Telephone              
------------------ ------- ------------ ---------------- ----------------       
Shirley Partridge        4 SLC-000012   Lehi, Utah       (207) 877-4321         
Keith Partridge          6 SLC-000012   Lehi, Utah       (207) 877-4321         
Laurie Partridge        -1 SLC-000012   Lehi, Utah       (207) 877-4321         

3 rows selected.
